<?xml version="1.0" encoding="utf-8"?><testsuites><testsuite errors="0" failures="0" hostname="ip-172-31-20-240" name="pytest" skipped="0" tests="4" time="0.180" timestamp="2020-06-21T21:05:24.426428"><testcase classname="test_infra" file="test_infra.py" line="0" name="test_jenkins_is_installed[local]" time="0.094"></testcase><testcase classname="test_infra" file="test_infra.py" line="6" name="test_jenkins_running_and_enabled[local]" time="0.027"></testcase><testcase classname="test_infra" file="test_infra.py" line="12" name="test_ansible_is_installed[local]" time="0.025"></testcase><testcase classname="test_infra" file="test_infra.py" line="18" name="test_packer_in_path[local]" time="0.003"></testcase></testsuite></testsuites>